# JRE version: OpenJDK Runtime Environment (8.0_152-b01) (build 1.8.0_152-release-1343-b01)
# Java VM: OpenJDK 64-Bit Server VM (25.152-b01 mixed mode windows-amd64 compressed oops)
Heap:
 PSYoungGen      total 75776K, used 33661K [0x00000000e0000000, 0x00000000e7e80000, 0x0000000100000000)
  eden space 65536K, 40% used [0x00000000e0000000,0x00000000e19c9140,0x00000000e4000000)
  from space 10240K, 70% used [0x00000000e4000000,0x00000000e4716630,0x00000000e4a00000)
  to   space 10240K, 0% used [0x00000000e7480000,0x00000000e7480000,0x00000000e7e80000)
 ParOldGen       total 55808K, used 7861K [0x00000000a0000000, 0x00000000a3680000, 0x00000000e0000000)
  object space 55808K, 14% used [0x00000000a0000000,0x00000000a07ad7c0,0x00000000a3680000)
 Metaspace       used 29516K, capacity 30128K, committed 30464K, reserved 1075200K
  class space    used 4073K, capacity 4310K, committed 4352K, reserved 1048576K
GC Heap History (10 events):
Event: 2.897 GC heap before
{Heap before GC invocations=4 (full 0):
 PSYoungGen      total 37888K, used 37856K [0x00000000e0000000, 0x00000000e2a00000, 0x0000000100000000)
  eden space 32768K, 100% used [0x00000000e0000000,0x00000000e2000000,0x00000000e2000000)
  from space 5120K, 99% used [0x00000000e2000000,0x00000000e24f8020,0x00000000e2500000)
  to   space 5120K, 0% used [0x00000000e2500000,0x00000000e2500000,0x00000000e2a00000)
 ParOldGen       total 86016K, used 1816K [0x00000000a0000000, 0x00000000a5400000, 0x00000000e0000000)
  object space 86016K, 2% used [0x00000000a0000000,0x00000000a01c6050,0x00000000a5400000)
 Metaspace       used 16059K, capacity 16436K, committed 16640K, reserved 1062912K
  class space    used 2302K, capacity 2460K, committed 2560K, reserved 1048576K
Event: 2.907 GC heap after
Heap after GC invocations=4 (full 0):
 PSYoungGen      total 37888K, used 5088K [0x00000000e0000000, 0x00000000e2a00000, 0x0000000100000000)
  eden space 32768K, 0% used [0x00000000e0000000,0x00000000e0000000,0x00000000e2000000)
  from space 5120K, 99% used [0x00000000e2500000,0x00000000e29f8020,0x00000000e2a00000)
  to   space 5120K, 0% used [0x00000000e2000000,0x00000000e2000000,0x00000000e2500000)
 ParOldGen       total 86016K, used 4963K [0x00000000a0000000, 0x00000000a5400000, 0x00000000e0000000)
  object space 86016K, 5% used [0x00000000a0000000,0x00000000a04d8cc0,0x00000000a5400000)
 Metaspace       used 16059K, capacity 16436K, committed 16640K, reserved 1062912K
  class space    used 2302K, capacity 2460K, committed 2560K, reserved 1048576K
}
Event: 3.454 GC heap before
{Heap before GC invocations=5 (full 0):
 PSYoungGen      total 37888K, used 37856K [0x00000000e0000000, 0x00000000e2a00000, 0x0000000100000000)
  eden space 32768K, 100% used [0x00000000e0000000,0x00000000e2000000,0x00000000e2000000)
  from space 5120K, 99% used [0x00000000e2500000,0x00000000e29f8020,0x00000000e2a00000)
  to   space 5120K, 0% used [0x00000000e2000000,0x00000000e2000000,0x00000000e2500000)
 ParOldGen       total 86016K, used 4963K [0x00000000a0000000, 0x00000000a5400000, 0x00000000e0000000)
  object space 86016K, 5% used [0x00000000a0000000,0x00000000a04d8cc0,0x00000000a5400000)
 Metaspace       used 19440K, capacity 19964K, committed 20224K, reserved 1067008K
  class space    used 2801K, capacity 3001K, committed 3072K, reserved 1048576K
Event: 3.462 GC heap after
Heap after GC invocations=5 (full 0):
 PSYoungGen      total 37888K, used 5108K [0x00000000e0000000, 0x00000000e5500000, 0x0000000100000000)
  eden space 32768K, 0% used [0x00000000e0000000,0x00000000e0000000,0x00000000e2000000)
  from space 5120K, 99% used [0x00000000e2000000,0x00000000e24fd040,0x00000000e2500000)
  to   space 10752K, 0% used [0x00000000e4a80000,0x00000000e4a80000,0x00000000e5500000)
 ParOldGen       total 86016K, used 8822K [0x00000000a0000000, 0x00000000a5400000, 0x00000000e0000000)
  object space 86016K, 10% used [0x00000000a0000000,0x00000000a089db18,0x00000000a5400000)
 Metaspace       used 19440K, capacity 19964K, committed 20224K, reserved 1067008K
  class space    used 2801K, capacity 3001K, committed 3072K, reserved 1048576K
}
Event: 3.574 GC heap before
{Heap before GC invocations=6 (full 0):
 PSYoungGen      total 37888K, used 14709K [0x00000000e0000000, 0x00000000e5500000, 0x0000000100000000)
  eden space 32768K, 29% used [0x00000000e0000000,0x00000000e09604c8,0x00000000e2000000)
  from space 5120K, 99% used [0x00000000e2000000,0x00000000e24fd040,0x00000000e2500000)
  to   space 10752K, 0% used [0x00000000e4a80000,0x00000000e4a80000,0x00000000e5500000)
 ParOldGen       total 86016K, used 8822K [0x00000000a0000000, 0x00000000a5400000, 0x00000000e0000000)
  object space 86016K, 10% used [0x00000000a0000000,0x00000000a089db18,0x00000000a5400000)
 Metaspace       used 20706K, capacity 21148K, committed 21296K, reserved 1067008K
  class space    used 2915K, capacity 3097K, committed 3200K, reserved 1048576K
Event: 3.581 GC heap after
Heap after GC invocations=6 (full 0):
 PSYoungGen      total 75264K, used 6605K [0x00000000e0000000, 0x00000000e5400000, 0x0000000100000000)
  eden space 65536K, 0% used [0x00000000e0000000,0x00000000e0000000,0x00000000e4000000)
  from space 9728K, 67% used [0x00000000e4a80000,0x00000000e50f37f8,0x00000000e5400000)
  to   space 10240K, 0% used [0x00000000e4000000,0x00000000e4000000,0x00000000e4a00000)
 ParOldGen       total 86016K, used 8830K [0x00000000a0000000, 0x00000000a5400000, 0x00000000e0000000)
  object space 86016K, 10% used [0x00000000a0000000,0x00000000a089fb18,0x00000000a5400000)
 Metaspace       used 20706K, capacity 21148K, committed 21296K, reserved 1067008K
  class space    used 2915K, capacity 3097K, committed 3200K, reserved 1048576K
}
Event: 3.581 GC heap before
{Heap before GC invocations=7 (full 1):
 PSYoungGen      total 75264K, used 6605K [0x00000000e0000000, 0x00000000e5400000, 0x0000000100000000)
  eden space 65536K, 0% used [0x00000000e0000000,0x00000000e0000000,0x00000000e4000000)
  from space 9728K, 67% used [0x00000000e4a80000,0x00000000e50f37f8,0x00000000e5400000)
  to   space 10240K, 0% used [0x00000000e4000000,0x00000000e4000000,0x00000000e4a00000)
 ParOldGen       total 86016K, used 8830K [0x00000000a0000000, 0x00000000a5400000, 0x00000000e0000000)
  object space 86016K, 10% used [0x00000000a0000000,0x00000000a089fb18,0x00000000a5400000)
 Metaspace       used 20706K, capacity 21148K, committed 21296K, reserved 1067008K
  class space    used 2915K, capacity 3097K, committed 3200K, reserved 1048576K
Event: 3.615 GC heap after
Heap after GC invocations=7 (full 1):
 PSYoungGen      total 75264K, used 0K [0x00000000e0000000, 0x00000000e5400000, 0x0000000100000000)
  eden space 65536K, 0% used [0x00000000e0000000,0x00000000e0000000,0x00000000e4000000)
  from space 9728K, 0% used [0x00000000e4a80000,0x00000000e4a80000,0x00000000e5400000)
  to   space 10240K, 0% used [0x00000000e4000000,0x00000000e4000000,0x00000000e4a00000)
 ParOldGen       total 55808K, used 7853K [0x00000000a0000000, 0x00000000a3680000, 0x00000000e0000000)
  object space 55808K, 14% used [0x00000000a0000000,0x00000000a07ab7c0,0x00000000a3680000)
 Metaspace       used 20706K, capacity 21148K, committed 21296K, reserved 1067008K
  class space    used 2915K, capacity 3097K, committed 3200K, reserved 1048576K
}
Event: 4.352 GC heap before
{Heap before GC invocations=8 (full 1):
 PSYoungGen      total 75264K, used 65536K [0x00000000e0000000, 0x00000000e5400000, 0x0000000100000000)
  eden space 65536K, 100% used [0x00000000e0000000,0x00000000e4000000,0x00000000e4000000)
  from space 9728K, 0% used [0x00000000e4a80000,0x00000000e4a80000,0x00000000e5400000)
  to   space 10240K, 0% used [0x00000000e4000000,0x00000000e4000000,0x00000000e4a00000)
 ParOldGen       total 55808K, used 7853K [0x00000000a0000000, 0x00000000a3680000, 0x00000000e0000000)
  object space 55808K, 14% used [0x00000000a0000000,0x00000000a07ab7c0,0x00000000a3680000)
 Metaspace       used 27939K, capacity 28424K, committed 28672K, reserved 1073152K
  class space    used 3817K, capacity 4002K, committed 4096K, reserved 1048576K
Event: 4.358 GC heap after
Heap after GC invocations=8 (full 1):
 PSYoungGen      total 75776K, used 7257K [0x00000000e0000000, 0x00000000e7e80000, 0x0000000100000000)
  eden space 65536K, 0% used [0x00000000e0000000,0x00000000e0000000,0x00000000e4000000)
  from space 10240K, 70% used [0x00000000e4000000,0x00000000e4716630,0x00000000e4a00000)
  to   space 10240K, 0% used [0x00000000e7480000,0x00000000e7480000,0x00000000e7e80000)
 ParOldGen       total 55808K, used 7861K [0x00000000a0000000, 0x00000000a3680000, 0x00000000e0000000)
  object space 55808K, 14% used [0x00000000a0000000,0x00000000a07ad7c0,0x00000000a3680000)
 Metaspace       used 27939K, capacity 28424K, committed 28672K, reserved 1073152K
  class space    used 3817K, capacity 4002K, committed 4096K, reserved 1048576K
}

