# JRE version: OpenJDK Runtime Environment (8.0_152-b01) (build 1.8.0_152-release-1343-b01)
# Java VM: OpenJDK 64-Bit Server VM (25.152-b01 mixed mode windows-amd64 compressed oops)
Heap:
 PSYoungGen      total 245760K, used 147784K [0x00000000eab00000, 0x00000000fec80000, 0x0000000100000000)
  eden space 200192K, 54% used [0x00000000eab00000,0x00000000f1518430,0x00000000f6e80000)
  from space 45568K, 85% used [0x00000000f6e80000,0x00000000f94b9d70,0x00000000f9b00000)
  to   space 50176K, 0% used [0x00000000fbb80000,0x00000000fbb80000,0x00000000fec80000)
 ParOldGen       total 214528K, used 81079K [0x00000000c0000000, 0x00000000cd180000, 0x00000000eab00000)
  object space 214528K, 37% used [0x00000000c0000000,0x00000000c4f2dc38,0x00000000cd180000)
 Metaspace       used 98674K, capacity 103312K, committed 103512K, reserved 1138688K
  class space    used 12428K, capacity 13320K, committed 13440K, reserved 1048576K
GC Heap History (10 events):
Event: 1389.147 GC heap before
{Heap before GC invocations=27 (full 4):
 PSYoungGen      total 212480K, used 196496K [0x00000000eab00000, 0x00000000fa400000, 0x0000000100000000)
  eden space 174080K, 100% used [0x00000000eab00000,0x00000000f5500000,0x00000000f5500000)
  from space 38400K, 58% used [0x00000000f7e80000,0x00000000f9464348,0x00000000fa400000)
  to   space 40448K, 0% used [0x00000000f5500000,0x00000000f5500000,0x00000000f7c80000)
 ParOldGen       total 214528K, used 81047K [0x00000000c0000000, 0x00000000cd180000, 0x00000000eab00000)
  object space 214528K, 37% used [0x00000000c0000000,0x00000000c4f25c38,0x00000000cd180000)
 Metaspace       used 96483K, capacity 100810K, committed 101208K, reserved 1136640K
  class space    used 12209K, capacity 13061K, committed 13184K, reserved 1048576K
Event: 1389.171 GC heap after
Heap after GC invocations=27 (full 4):
 PSYoungGen      total 214528K, used 25466K [0x00000000eab00000, 0x00000000fb600000, 0x0000000100000000)
  eden space 174080K, 0% used [0x00000000eab00000,0x00000000eab00000,0x00000000f5500000)
  from space 40448K, 62% used [0x00000000f5500000,0x00000000f6dde870,0x00000000f7c80000)
  to   space 41472K, 0% used [0x00000000f8d80000,0x00000000f8d80000,0x00000000fb600000)
 ParOldGen       total 214528K, used 81055K [0x00000000c0000000, 0x00000000cd180000, 0x00000000eab00000)
  object space 214528K, 37% used [0x00000000c0000000,0x00000000c4f27c38,0x00000000cd180000)
 Metaspace       used 96483K, capacity 100810K, committed 101208K, reserved 1136640K
  class space    used 12209K, capacity 13061K, committed 13184K, reserved 1048576K
}
Event: 1943.262 GC heap before
{Heap before GC invocations=28 (full 4):
 PSYoungGen      total 214528K, used 199546K [0x00000000eab00000, 0x00000000fb600000, 0x0000000100000000)
  eden space 174080K, 100% used [0x00000000eab00000,0x00000000f5500000,0x00000000f5500000)
  from space 40448K, 62% used [0x00000000f5500000,0x00000000f6dde870,0x00000000f7c80000)
  to   space 41472K, 0% used [0x00000000f8d80000,0x00000000f8d80000,0x00000000fb600000)
 ParOldGen       total 214528K, used 81055K [0x00000000c0000000, 0x00000000cd180000, 0x00000000eab00000)
  object space 214528K, 37% used [0x00000000c0000000,0x00000000c4f27c38,0x00000000cd180000)
 Metaspace       used 96854K, capacity 101430K, committed 101720K, reserved 1138688K
  class space    used 12241K, capacity 13109K, committed 13184K, reserved 1048576K
Event: 1943.284 GC heap after
Heap after GC invocations=28 (full 4):
 PSYoungGen      total 224768K, used 23763K [0x00000000eab00000, 0x00000000fb280000, 0x0000000100000000)
  eden space 186880K, 0% used [0x00000000eab00000,0x00000000eab00000,0x00000000f6180000)
  from space 37888K, 62% used [0x00000000f8d80000,0x00000000fa4b4ee0,0x00000000fb280000)
  to   space 41472K, 0% used [0x00000000f6180000,0x00000000f6180000,0x00000000f8a00000)
 ParOldGen       total 214528K, used 81063K [0x00000000c0000000, 0x00000000cd180000, 0x00000000eab00000)
  object space 214528K, 37% used [0x00000000c0000000,0x00000000c4f29c38,0x00000000cd180000)
 Metaspace       used 96854K, capacity 101430K, committed 101720K, reserved 1138688K
  class space    used 12241K, capacity 13109K, committed 13184K, reserved 1048576K
}
Event: 1949.466 GC heap before
{Heap before GC invocations=29 (full 4):
 PSYoungGen      total 224768K, used 210643K [0x00000000eab00000, 0x00000000fb280000, 0x0000000100000000)
  eden space 186880K, 100% used [0x00000000eab00000,0x00000000f6180000,0x00000000f6180000)
  from space 37888K, 62% used [0x00000000f8d80000,0x00000000fa4b4ee0,0x00000000fb280000)
  to   space 41472K, 0% used [0x00000000f6180000,0x00000000f6180000,0x00000000f8a00000)
 ParOldGen       total 214528K, used 81063K [0x00000000c0000000, 0x00000000cd180000, 0x00000000eab00000)
  object space 214528K, 37% used [0x00000000c0000000,0x00000000c4f29c38,0x00000000cd180000)
 Metaspace       used 97323K, capacity 101884K, committed 101976K, reserved 1138688K
  class space    used 12257K, capacity 13117K, committed 13184K, reserved 1048576K
Event: 1949.544 GC heap after
Heap after GC invocations=29 (full 4):
 PSYoungGen      total 228352K, used 30460K [0x00000000eab00000, 0x00000000fc580000, 0x0000000100000000)
  eden space 186880K, 0% used [0x00000000eab00000,0x00000000eab00000,0x00000000f6180000)
  from space 41472K, 73% used [0x00000000f6180000,0x00000000f7f3f318,0x00000000f8a00000)
  to   space 43520K, 0% used [0x00000000f9b00000,0x00000000f9b00000,0x00000000fc580000)
 ParOldGen       total 214528K, used 81071K [0x00000000c0000000, 0x00000000cd180000, 0x00000000eab00000)
  object space 214528K, 37% used [0x00000000c0000000,0x00000000c4f2bc38,0x00000000cd180000)
 Metaspace       used 97323K, capacity 101884K, committed 101976K, reserved 1138688K
  class space    used 12257K, capacity 13117K, committed 13184K, reserved 1048576K
}
Event: 1951.918 GC heap before
{Heap before GC invocations=30 (full 4):
 PSYoungGen      total 228352K, used 217334K [0x00000000eab00000, 0x00000000fc580000, 0x0000000100000000)
  eden space 186880K, 99% used [0x00000000eab00000,0x00000000f617e8b8,0x00000000f6180000)
  from space 41472K, 73% used [0x00000000f6180000,0x00000000f7f3f318,0x00000000f8a00000)
  to   space 43520K, 0% used [0x00000000f9b00000,0x00000000f9b00000,0x00000000fc580000)
 ParOldGen       total 214528K, used 81071K [0x00000000c0000000, 0x00000000cd180000, 0x00000000eab00000)
  object space 214528K, 37% used [0x00000000c0000000,0x00000000c4f2bc38,0x00000000cd180000)
 Metaspace       used 97990K, capacity 102576K, committed 102616K, reserved 1138688K
  class space    used 12400K, capacity 13284K, committed 13312K, reserved 1048576K
Event: 1951.957 GC heap after
Heap after GC invocations=30 (full 4):
 PSYoungGen      total 243712K, used 31207K [0x00000000eab00000, 0x00000000fce00000, 0x0000000100000000)
  eden space 200192K, 0% used [0x00000000eab00000,0x00000000eab00000,0x00000000f6e80000)
  from space 43520K, 71% used [0x00000000f9b00000,0x00000000fb979c58,0x00000000fc580000)
  to   space 45568K, 0% used [0x00000000f6e80000,0x00000000f6e80000,0x00000000f9b00000)
 ParOldGen       total 214528K, used 81079K [0x00000000c0000000, 0x00000000cd180000, 0x00000000eab00000)
  object space 214528K, 37% used [0x00000000c0000000,0x00000000c4f2dc38,0x00000000cd180000)
 Metaspace       used 97990K, capacity 102576K, committed 102616K, reserved 1138688K
  class space    used 12400K, capacity 13284K, committed 13312K, reserved 1048576K
}
Event: 1953.656 GC heap before
{Heap before GC invocations=31 (full 4):
 PSYoungGen      total 243712K, used 231399K [0x00000000eab00000, 0x00000000fce00000, 0x0000000100000000)
  eden space 200192K, 100% used [0x00000000eab00000,0x00000000f6e80000,0x00000000f6e80000)
  from space 43520K, 71% used [0x00000000f9b00000,0x00000000fb979c58,0x00000000fc580000)
  to   space 45568K, 0% used [0x00000000f6e80000,0x00000000f6e80000,0x00000000f9b00000)
 ParOldGen       total 214528K, used 81079K [0x00000000c0000000, 0x00000000cd180000, 0x00000000eab00000)
  object space 214528K, 37% used [0x00000000c0000000,0x00000000c4f2dc38,0x00000000cd180000)
 Metaspace       used 98631K, capacity 103308K, committed 103512K, reserved 1138688K
  class space    used 12427K, capacity 13320K, committed 13440K, reserved 1048576K
Event: 1953.707 GC heap after
Heap after GC invocations=31 (full 4):
 PSYoungGen      total 245760K, used 39143K [0x00000000eab00000, 0x00000000fec80000, 0x0000000100000000)
  eden space 200192K, 0% used [0x00000000eab00000,0x00000000eab00000,0x00000000f6e80000)
  from space 45568K, 85% used [0x00000000f6e80000,0x00000000f94b9d70,0x00000000f9b00000)
  to   space 50176K, 0% used [0x00000000fbb80000,0x00000000fbb80000,0x00000000fec80000)
 ParOldGen       total 214528K, used 81079K [0x00000000c0000000, 0x00000000cd180000, 0x00000000eab00000)
  object space 214528K, 37% used [0x00000000c0000000,0x00000000c4f2dc38,0x00000000cd180000)
 Metaspace       used 98631K, capacity 103308K, committed 103512K, reserved 1138688K
  class space    used 12427K, capacity 13320K, committed 13440K, reserved 1048576K
}

