# JRE version: OpenJDK Runtime Environment (8.0_152-b01) (build 1.8.0_152-release-1343-b01)
# Java VM: OpenJDK 64-Bit Server VM (25.152-b01 mixed mode windows-amd64 compressed oops)
Heap:
 PSYoungGen      total 75776K, used 51723K [0x00000000e0000000, 0x00000000e5400000, 0x0000000100000000)
  eden space 65536K, 67% used [0x00000000e0000000,0x00000000e2b7aba0,0x00000000e4000000)
  from space 10240K, 70% used [0x00000000e4000000,0x00000000e4708380,0x00000000e4a00000)
  to   space 9728K, 0% used [0x00000000e4a80000,0x00000000e4a80000,0x00000000e5400000)
 ParOldGen       total 56320K, used 7923K [0x00000000a0000000, 0x00000000a3700000, 0x00000000e0000000)
  object space 56320K, 14% used [0x00000000a0000000,0x00000000a07bcdb0,0x00000000a3700000)
 Metaspace       used 30565K, capacity 31062K, committed 31104K, reserved 1077248K
  class space    used 4260K, capacity 4448K, committed 4480K, reserved 1048576K
GC Heap History (10 events):
Event: 3.480 GC heap before
{Heap before GC invocations=4 (full 0):
 PSYoungGen      total 37888K, used 37870K [0x00000000e0000000, 0x00000000e2a00000, 0x0000000100000000)
  eden space 32768K, 100% used [0x00000000e0000000,0x00000000e2000000,0x00000000e2000000)
  from space 5120K, 99% used [0x00000000e2000000,0x00000000e24fbb98,0x00000000e2500000)
  to   space 5120K, 0% used [0x00000000e2500000,0x00000000e2500000,0x00000000e2a00000)
 ParOldGen       total 86016K, used 1790K [0x00000000a0000000, 0x00000000a5400000, 0x00000000e0000000)
  object space 86016K, 2% used [0x00000000a0000000,0x00000000a01bfa00,0x00000000a5400000)
 Metaspace       used 16057K, capacity 16436K, committed 16640K, reserved 1062912K
  class space    used 2301K, capacity 2460K, committed 2560K, reserved 1048576K
Event: 3.495 GC heap after
Heap after GC invocations=4 (full 0):
 PSYoungGen      total 37888K, used 5088K [0x00000000e0000000, 0x00000000e4a00000, 0x0000000100000000)
  eden space 32768K, 0% used [0x00000000e0000000,0x00000000e0000000,0x00000000e2000000)
  from space 5120K, 99% used [0x00000000e2500000,0x00000000e29f8020,0x00000000e2a00000)
  to   space 5120K, 0% used [0x00000000e2000000,0x00000000e2000000,0x00000000e2500000)
 ParOldGen       total 86016K, used 4908K [0x00000000a0000000, 0x00000000a5400000, 0x00000000e0000000)
  object space 86016K, 5% used [0x00000000a0000000,0x00000000a04cb068,0x00000000a5400000)
 Metaspace       used 16057K, capacity 16436K, committed 16640K, reserved 1062912K
  class space    used 2301K, capacity 2460K, committed 2560K, reserved 1048576K
}
Event: 4.193 GC heap before
{Heap before GC invocations=5 (full 0):
 PSYoungGen      total 37888K, used 37856K [0x00000000e0000000, 0x00000000e4a00000, 0x0000000100000000)
  eden space 32768K, 100% used [0x00000000e0000000,0x00000000e2000000,0x00000000e2000000)
  from space 5120K, 99% used [0x00000000e2500000,0x00000000e29f8020,0x00000000e2a00000)
  to   space 5120K, 0% used [0x00000000e2000000,0x00000000e2000000,0x00000000e2500000)
 ParOldGen       total 86016K, used 4908K [0x00000000a0000000, 0x00000000a5400000, 0x00000000e0000000)
  object space 86016K, 5% used [0x00000000a0000000,0x00000000a04cb068,0x00000000a5400000)
 Metaspace       used 19421K, capacity 19900K, committed 20224K, reserved 1067008K
  class space    used 2806K, capacity 3001K, committed 3072K, reserved 1048576K
Event: 4.201 GC heap after
Heap after GC invocations=5 (full 0):
 PSYoungGen      total 37888K, used 5088K [0x00000000e0000000, 0x00000000e5500000, 0x0000000100000000)
  eden space 32768K, 0% used [0x00000000e0000000,0x00000000e0000000,0x00000000e2000000)
  from space 5120K, 99% used [0x00000000e2000000,0x00000000e24f8030,0x00000000e2500000)
  to   space 10752K, 0% used [0x00000000e4a80000,0x00000000e4a80000,0x00000000e5500000)
 ParOldGen       total 86016K, used 9067K [0x00000000a0000000, 0x00000000a5400000, 0x00000000e0000000)
  object space 86016K, 10% used [0x00000000a0000000,0x00000000a08dacf8,0x00000000a5400000)
 Metaspace       used 19421K, capacity 19900K, committed 20224K, reserved 1067008K
  class space    used 2806K, capacity 3001K, committed 3072K, reserved 1048576K
}
Event: 4.324 GC heap before
{Heap before GC invocations=6 (full 0):
 PSYoungGen      total 37888K, used 13816K [0x00000000e0000000, 0x00000000e5500000, 0x0000000100000000)
  eden space 32768K, 26% used [0x00000000e0000000,0x00000000e0886328,0x00000000e2000000)
  from space 5120K, 99% used [0x00000000e2000000,0x00000000e24f8030,0x00000000e2500000)
  to   space 10752K, 0% used [0x00000000e4a80000,0x00000000e4a80000,0x00000000e5500000)
 ParOldGen       total 86016K, used 9067K [0x00000000a0000000, 0x00000000a5400000, 0x00000000e0000000)
  object space 86016K, 10% used [0x00000000a0000000,0x00000000a08dacf8,0x00000000a5400000)
 Metaspace       used 20668K, capacity 21084K, committed 21296K, reserved 1069056K
  class space    used 2913K, capacity 3097K, committed 3200K, reserved 1048576K
Event: 4.330 GC heap after
Heap after GC invocations=6 (full 0):
 PSYoungGen      total 75264K, used 6432K [0x00000000e0000000, 0x00000000e5400000, 0x0000000100000000)
  eden space 65536K, 0% used [0x00000000e0000000,0x00000000e0000000,0x00000000e4000000)
  from space 9728K, 66% used [0x00000000e4a80000,0x00000000e50c82b8,0x00000000e5400000)
  to   space 10240K, 0% used [0x00000000e4000000,0x00000000e4000000,0x00000000e4a00000)
 ParOldGen       total 86016K, used 9075K [0x00000000a0000000, 0x00000000a5400000, 0x00000000e0000000)
  object space 86016K, 10% used [0x00000000a0000000,0x00000000a08dccf8,0x00000000a5400000)
 Metaspace       used 20668K, capacity 21084K, committed 21296K, reserved 1069056K
  class space    used 2913K, capacity 3097K, committed 3200K, reserved 1048576K
}
Event: 4.330 GC heap before
{Heap before GC invocations=7 (full 1):
 PSYoungGen      total 75264K, used 6432K [0x00000000e0000000, 0x00000000e5400000, 0x0000000100000000)
  eden space 65536K, 0% used [0x00000000e0000000,0x00000000e0000000,0x00000000e4000000)
  from space 9728K, 66% used [0x00000000e4a80000,0x00000000e50c82b8,0x00000000e5400000)
  to   space 10240K, 0% used [0x00000000e4000000,0x00000000e4000000,0x00000000e4a00000)
 ParOldGen       total 86016K, used 9075K [0x00000000a0000000, 0x00000000a5400000, 0x00000000e0000000)
  object space 86016K, 10% used [0x00000000a0000000,0x00000000a08dccf8,0x00000000a5400000)
 Metaspace       used 20668K, capacity 21084K, committed 21296K, reserved 1069056K
  class space    used 2913K, capacity 3097K, committed 3200K, reserved 1048576K
Event: 4.369 GC heap after
Heap after GC invocations=7 (full 1):
 PSYoungGen      total 75264K, used 0K [0x00000000e0000000, 0x00000000e5400000, 0x0000000100000000)
  eden space 65536K, 0% used [0x00000000e0000000,0x00000000e0000000,0x00000000e4000000)
  from space 9728K, 0% used [0x00000000e4a80000,0x00000000e4a80000,0x00000000e5400000)
  to   space 10240K, 0% used [0x00000000e4000000,0x00000000e4000000,0x00000000e4a00000)
 ParOldGen       total 56320K, used 7915K [0x00000000a0000000, 0x00000000a3700000, 0x00000000e0000000)
  object space 56320K, 14% used [0x00000000a0000000,0x00000000a07badb0,0x00000000a3700000)
 Metaspace       used 20668K, capacity 21084K, committed 21296K, reserved 1069056K
  class space    used 2913K, capacity 3097K, committed 3200K, reserved 1048576K
}
Event: 5.163 GC heap before
{Heap before GC invocations=8 (full 1):
 PSYoungGen      total 75264K, used 65536K [0x00000000e0000000, 0x00000000e5400000, 0x0000000100000000)
  eden space 65536K, 100% used [0x00000000e0000000,0x00000000e4000000,0x00000000e4000000)
  from space 9728K, 0% used [0x00000000e4a80000,0x00000000e4a80000,0x00000000e5400000)
  to   space 10240K, 0% used [0x00000000e4000000,0x00000000e4000000,0x00000000e4a00000)
 ParOldGen       total 56320K, used 7915K [0x00000000a0000000, 0x00000000a3700000, 0x00000000e0000000)
  object space 56320K, 14% used [0x00000000a0000000,0x00000000a07badb0,0x00000000a3700000)
 Metaspace       used 27842K, capacity 28360K, committed 28672K, reserved 1075200K
  class space    used 3811K, capacity 4002K, committed 4096K, reserved 1048576K
Event: 5.170 GC heap after
Heap after GC invocations=8 (full 1):
 PSYoungGen      total 75776K, used 7200K [0x00000000e0000000, 0x00000000e5400000, 0x0000000100000000)
  eden space 65536K, 0% used [0x00000000e0000000,0x00000000e0000000,0x00000000e4000000)
  from space 10240K, 70% used [0x00000000e4000000,0x00000000e4708380,0x00000000e4a00000)
  to   space 9728K, 0% used [0x00000000e4a80000,0x00000000e4a80000,0x00000000e5400000)
 ParOldGen       total 56320K, used 7923K [0x00000000a0000000, 0x00000000a3700000, 0x00000000e0000000)
  object space 56320K, 14% used [0x00000000a0000000,0x00000000a07bcdb0,0x00000000a3700000)
 Metaspace       used 27842K, capacity 28360K, committed 28672K, reserved 1075200K
  class space    used 3811K, capacity 4002K, committed 4096K, reserved 1048576K
}

