# JRE version: OpenJDK Runtime Environment (8.0_152-b01) (build 1.8.0_152-release-1343-b01)
# Java VM: OpenJDK 64-Bit Server VM (25.152-b01 mixed mode windows-amd64 compressed oops)
Heap:
 PSYoungGen      total 75776K, used 38194K [0x00000000e0000000, 0x00000000e7c80000, 0x0000000100000000)
  eden space 65536K, 47% used [0x00000000e0000000,0x00000000e1e4c1a0,0x00000000e4000000)
  from space 10240K, 70% used [0x00000000e4000000,0x00000000e47007d8,0x00000000e4a00000)
  to   space 10240K, 0% used [0x00000000e7280000,0x00000000e7280000,0x00000000e7c80000)
 ParOldGen       total 57344K, used 7979K [0x00000000a0000000, 0x00000000a3800000, 0x00000000e0000000)
  object space 57344K, 13% used [0x00000000a0000000,0x00000000a07cad48,0x00000000a3800000)
 Metaspace       used 29558K, capacity 30166K, committed 30464K, reserved 1075200K
  class space    used 4087K, capacity 4320K, committed 4352K, reserved 1048576K
GC Heap History (10 events):
Event: 2.943 GC heap before
{Heap before GC invocations=4 (full 0):
 PSYoungGen      total 37888K, used 37870K [0x00000000e0000000, 0x00000000e2a00000, 0x0000000100000000)
  eden space 32768K, 100% used [0x00000000e0000000,0x00000000e2000000,0x00000000e2000000)
  from space 5120K, 99% used [0x00000000e2000000,0x00000000e24fbb98,0x00000000e2500000)
  to   space 5120K, 0% used [0x00000000e2500000,0x00000000e2500000,0x00000000e2a00000)
 ParOldGen       total 86016K, used 1804K [0x00000000a0000000, 0x00000000a5400000, 0x00000000e0000000)
  object space 86016K, 2% used [0x00000000a0000000,0x00000000a01c3350,0x00000000a5400000)
 Metaspace       used 16068K, capacity 16436K, committed 16640K, reserved 1062912K
  class space    used 2303K, capacity 2460K, committed 2560K, reserved 1048576K
Event: 2.958 GC heap after
Heap after GC invocations=4 (full 0):
 PSYoungGen      total 37888K, used 5104K [0x00000000e0000000, 0x00000000e4a00000, 0x0000000100000000)
  eden space 32768K, 0% used [0x00000000e0000000,0x00000000e0000000,0x00000000e2000000)
  from space 5120K, 99% used [0x00000000e2500000,0x00000000e29fc010,0x00000000e2a00000)
  to   space 5120K, 0% used [0x00000000e2000000,0x00000000e2000000,0x00000000e2500000)
 ParOldGen       total 86016K, used 4974K [0x00000000a0000000, 0x00000000a5400000, 0x00000000e0000000)
  object space 86016K, 5% used [0x00000000a0000000,0x00000000a04db870,0x00000000a5400000)
 Metaspace       used 16068K, capacity 16436K, committed 16640K, reserved 1062912K
  class space    used 2303K, capacity 2460K, committed 2560K, reserved 1048576K
}
Event: 3.603 GC heap before
{Heap before GC invocations=5 (full 0):
 PSYoungGen      total 37888K, used 37872K [0x00000000e0000000, 0x00000000e4a00000, 0x0000000100000000)
  eden space 32768K, 100% used [0x00000000e0000000,0x00000000e2000000,0x00000000e2000000)
  from space 5120K, 99% used [0x00000000e2500000,0x00000000e29fc010,0x00000000e2a00000)
  to   space 5120K, 0% used [0x00000000e2000000,0x00000000e2000000,0x00000000e2500000)
 ParOldGen       total 86016K, used 4974K [0x00000000a0000000, 0x00000000a5400000, 0x00000000e0000000)
  object space 86016K, 5% used [0x00000000a0000000,0x00000000a04db870,0x00000000a5400000)
 Metaspace       used 19441K, capacity 19964K, committed 20224K, reserved 1067008K
  class space    used 2807K, capacity 3001K, committed 3072K, reserved 1048576K
Event: 3.610 GC heap after
Heap after GC invocations=5 (full 0):
 PSYoungGen      total 37888K, used 5108K [0x00000000e0000000, 0x00000000e5500000, 0x0000000100000000)
  eden space 32768K, 0% used [0x00000000e0000000,0x00000000e0000000,0x00000000e2000000)
  from space 5120K, 99% used [0x00000000e2000000,0x00000000e24fd060,0x00000000e2500000)
  to   space 10752K, 0% used [0x00000000e4a80000,0x00000000e4a80000,0x00000000e5500000)
 ParOldGen       total 86016K, used 9088K [0x00000000a0000000, 0x00000000a5400000, 0x00000000e0000000)
  object space 86016K, 10% used [0x00000000a0000000,0x00000000a08e0398,0x00000000a5400000)
 Metaspace       used 19441K, capacity 19964K, committed 20224K, reserved 1067008K
  class space    used 2807K, capacity 3001K, committed 3072K, reserved 1048576K
}
Event: 3.723 GC heap before
{Heap before GC invocations=6 (full 0):
 PSYoungGen      total 37888K, used 14635K [0x00000000e0000000, 0x00000000e5500000, 0x0000000100000000)
  eden space 32768K, 29% used [0x00000000e0000000,0x00000000e094dbc0,0x00000000e2000000)
  from space 5120K, 99% used [0x00000000e2000000,0x00000000e24fd060,0x00000000e2500000)
  to   space 10752K, 0% used [0x00000000e4a80000,0x00000000e4a80000,0x00000000e5500000)
 ParOldGen       total 86016K, used 9088K [0x00000000a0000000, 0x00000000a5400000, 0x00000000e0000000)
  object space 86016K, 10% used [0x00000000a0000000,0x00000000a08e0398,0x00000000a5400000)
 Metaspace       used 20728K, capacity 21148K, committed 21296K, reserved 1067008K
  class space    used 2912K, capacity 3097K, committed 3200K, reserved 1048576K
Event: 3.728 GC heap after
Heap after GC invocations=6 (full 0):
 PSYoungGen      total 75264K, used 6502K [0x00000000e0000000, 0x00000000e5400000, 0x0000000100000000)
  eden space 65536K, 0% used [0x00000000e0000000,0x00000000e0000000,0x00000000e4000000)
  from space 9728K, 66% used [0x00000000e4a80000,0x00000000e50d99c0,0x00000000e5400000)
  to   space 10240K, 0% used [0x00000000e4000000,0x00000000e4000000,0x00000000e4a00000)
 ParOldGen       total 86016K, used 9096K [0x00000000a0000000, 0x00000000a5400000, 0x00000000e0000000)
  object space 86016K, 10% used [0x00000000a0000000,0x00000000a08e2398,0x00000000a5400000)
 Metaspace       used 20728K, capacity 21148K, committed 21296K, reserved 1067008K
  class space    used 2912K, capacity 3097K, committed 3200K, reserved 1048576K
}
Event: 3.728 GC heap before
{Heap before GC invocations=7 (full 1):
 PSYoungGen      total 75264K, used 6502K [0x00000000e0000000, 0x00000000e5400000, 0x0000000100000000)
  eden space 65536K, 0% used [0x00000000e0000000,0x00000000e0000000,0x00000000e4000000)
  from space 9728K, 66% used [0x00000000e4a80000,0x00000000e50d99c0,0x00000000e5400000)
  to   space 10240K, 0% used [0x00000000e4000000,0x00000000e4000000,0x00000000e4a00000)
 ParOldGen       total 86016K, used 9096K [0x00000000a0000000, 0x00000000a5400000, 0x00000000e0000000)
  object space 86016K, 10% used [0x00000000a0000000,0x00000000a08e2398,0x00000000a5400000)
 Metaspace       used 20728K, capacity 21148K, committed 21296K, reserved 1067008K
  class space    used 2912K, capacity 3097K, committed 3200K, reserved 1048576K
Event: 3.765 GC heap after
Heap after GC invocations=7 (full 1):
 PSYoungGen      total 75264K, used 0K [0x00000000e0000000, 0x00000000e5400000, 0x0000000100000000)
  eden space 65536K, 0% used [0x00000000e0000000,0x00000000e0000000,0x00000000e4000000)
  from space 9728K, 0% used [0x00000000e4a80000,0x00000000e4a80000,0x00000000e5400000)
  to   space 10240K, 0% used [0x00000000e4000000,0x00000000e4000000,0x00000000e4a00000)
 ParOldGen       total 57344K, used 7971K [0x00000000a0000000, 0x00000000a3800000, 0x00000000e0000000)
  object space 57344K, 13% used [0x00000000a0000000,0x00000000a07c8d48,0x00000000a3800000)
 Metaspace       used 20728K, capacity 21148K, committed 21296K, reserved 1067008K
  class space    used 2912K, capacity 3097K, committed 3200K, reserved 1048576K
}
Event: 4.642 GC heap before
{Heap before GC invocations=8 (full 1):
 PSYoungGen      total 75264K, used 65536K [0x00000000e0000000, 0x00000000e5400000, 0x0000000100000000)
  eden space 65536K, 100% used [0x00000000e0000000,0x00000000e4000000,0x00000000e4000000)
  from space 9728K, 0% used [0x00000000e4a80000,0x00000000e4a80000,0x00000000e5400000)
  to   space 10240K, 0% used [0x00000000e4000000,0x00000000e4000000,0x00000000e4a00000)
 ParOldGen       total 57344K, used 7971K [0x00000000a0000000, 0x00000000a3800000, 0x00000000e0000000)
  object space 57344K, 13% used [0x00000000a0000000,0x00000000a07c8d48,0x00000000a3800000)
 Metaspace       used 27849K, capacity 28360K, committed 28672K, reserved 1073152K
  class space    used 3813K, capacity 4002K, committed 4096K, reserved 1048576K
Event: 4.648 GC heap after
Heap after GC invocations=8 (full 1):
 PSYoungGen      total 75776K, used 7169K [0x00000000e0000000, 0x00000000e7c80000, 0x0000000100000000)
  eden space 65536K, 0% used [0x00000000e0000000,0x00000000e0000000,0x00000000e4000000)
  from space 10240K, 70% used [0x00000000e4000000,0x00000000e47007d8,0x00000000e4a00000)
  to   space 10240K, 0% used [0x00000000e7280000,0x00000000e7280000,0x00000000e7c80000)
 ParOldGen       total 57344K, used 7979K [0x00000000a0000000, 0x00000000a3800000, 0x00000000e0000000)
  object space 57344K, 13% used [0x00000000a0000000,0x00000000a07cad48,0x00000000a3800000)
 Metaspace       used 27849K, capacity 28360K, committed 28672K, reserved 1073152K
  class space    used 3813K, capacity 4002K, committed 4096K, reserved 1048576K
}

